2024-06-09 11:09:23,118 - INFO - Loading dataset...
2024-06-09 11:09:23,136 - INFO - Dataset loaded successfully.
2024-06-09 11:09:23,136 - INFO - Converting 'TotalCharges' to numeric...
2024-06-09 11:09:23,138 - INFO - Conversion complete.
2024-06-09 11:09:23,138 - INFO - Dropping 'customerID'...
2024-06-09 11:09:23,139 - INFO - Column 'customerID' dropped successfully.
2024-06-09 11:09:23,139 - INFO - Encoding binary categorical features...
2024-06-09 11:09:23,147 - INFO - Encoding complete.
2024-06-09 11:09:23,147 - INFO - Encoding categorical features using get_dummies...
2024-06-09 11:09:23,155 - INFO - Encoding complete.
2024-06-09 11:09:23,155 - INFO - Splitting data into training and testing sets...
2024-06-09 11:09:23,157 - INFO - Data split complete.
2024-06-09 11:09:23,157 - INFO - Initializing the scaler...
2024-06-09 11:09:23,157 - INFO - Fitting the scaler on the training set and transforming the data...
2024-06-09 11:09:23,165 - INFO - Scaling complete.
2024-06-09 11:09:23,165 - INFO - Initializing the logistic regression model...
2024-06-09 11:09:23,165 - INFO - Training the logistic regression model...
2024-06-09 11:09:23,191 - INFO - Training complete.
2024-06-09 11:09:23,192 - INFO - Making predictions with the logistic regression model...
2024-06-09 11:09:23,192 - INFO - Evaluating the logistic regression model performance...
2024-06-09 11:09:23,196 - INFO - Performance metrics for logistic regression model:
2024-06-09 11:09:23,196 - INFO - Accuracy: 0.8204400283889283
2024-06-09 11:09:23,196 - INFO - Precision: 0.6851851851851852
2024-06-09 11:09:23,196 - INFO - Recall: 0.5951742627345844
2024-06-09 11:09:23,196 - INFO - F1 Score: 0.6370157819225251
