2024-02-16 12:16:17,122 - ##########File received successfully##########
2024-02-16 12:18:12,696 - ##########File received successfully##########
2024-02-16 12:20:26,751 - ##########File received successfully##########
2024-02-16 12:20:26,763 - ##########Model Training Started##########
2024-02-16 12:20:44,757 - ##########Model Training Completed##########
2024-02-16 12:20:44,758 - ##########Model Evaluation Started##########
2024-02-16 12:20:46,157 - ##########Model Evaluation Completed##########
2024-02-16 12:23:20,964 - ##########File received successfully##########
2024-02-16 12:23:20,975 - ##########Model Training Started##########
2024-02-16 12:23:39,551 - ##########Model Training Completed##########
2024-02-16 12:23:39,551 - ##########Model Evaluation Started##########
2024-02-16 12:23:40,937 - ##########Model Evaluation Started##########
2024-02-16 12:24:32,497 - ##########File received successfully##########
2024-02-16 12:24:32,508 - ##########Model Training Started##########
2024-02-16 12:29:11,498 - ##########File received successfully##########
2024-02-16 12:29:11,523 - ##########Model Training Started##########
2024-02-16 12:29:51,802 - ##########Model Training Completed##########
2024-02-16 12:29:51,803 - ##########Model Evaluation Started##########
2024-02-16 12:29:55,013 - ##########Model Evaluation Started##########
2024-02-16 12:32:43,126 - ##########File received successfully##########
2024-02-16 12:32:43,152 - ##########Model Training Started##########
2024-02-16 12:33:49,014 - ##########Model Training Completed##########
2024-02-16 12:33:49,015 - ##########Model Evaluation Started##########
2024-02-16 12:33:52,546 - ##########Model Evaluation Started##########
2024-02-16 13:14:03,241 - ##########File received successfully##########
2024-02-16 13:14:03,269 - ##########Model Training Started##########
2024-02-16 13:15:06,731 - ##########Model Training Completed##########
2024-02-16 13:15:06,731 - ##########Model Evaluation Started##########
2024-02-16 13:15:10,307 - ##########Model Evaluation Started##########
2024-02-16 14:34:02,740 - ##########File received successfully##########
2024-02-16 14:34:02,751 - ##########Model Training Started##########
2024-02-16 14:34:30,514 - ##########Model Training Completed##########
2024-02-16 14:34:30,515 - ##########Model Evaluation Started##########
2024-02-16 14:34:32,043 - ##########Model Evaluation Started##########
2024-02-18 10:36:51,734 - ##########File received successfully##########
2024-02-18 10:36:51,770 - ##########Model Training Started##########
2024-02-18 10:37:48,554 - ##########Model Training Completed##########
2024-02-18 10:37:48,555 - ##########Model Evaluation Started##########
2024-02-18 10:37:51,797 - ##########Model Evaluation Started##########
